<?xml version="1.0" encoding="UTF-8"?>
<testsuite name="com3.demo.DemoApplicationTests" tests="1" skipped="0" failures="0" errors="0"
           timestamp="2020-09-17T10:45:17" hostname="yuingeun-ui-MacBookPro.local" time="0.267">
    <properties/>
    <testcase name="contextLoads()" classname="com3.demo.DemoApplicationTests" time="0.267"/>
    <system-out><![CDATA[19:45:15.433 [Test worker] DEBUG org.springframework.test.context.BootstrapUtils - Instantiating CacheAwareContextLoaderDelegate from class [org.springframework.test.context.cache.DefaultCacheAwareContextLoaderDelegate]
19:45:15.443 [Test worker] DEBUG org.springframework.test.context.BootstrapUtils - Instantiating BootstrapContext using constructor [public org.springframework.test.context.support.DefaultBootstrapContext(java.lang.Class,org.springframework.test.context.CacheAwareContextLoaderDelegate)]
19:45:15.466 [Test worker] DEBUG org.springframework.test.context.BootstrapUtils - Instantiating TestContextBootstrapper for test class [com3.demo.DemoApplicationTests] from class [org.springframework.boot.test.context.SpringBootTestContextBootstrapper]
19:45:15.477 [Test worker] INFO org.springframework.boot.test.context.SpringBootTestContextBootstrapper - Neither @ContextConfiguration nor @ContextHierarchy found for test class [com3.demo.DemoApplicationTests], using SpringBootContextLoader
19:45:15.480 [Test worker] DEBUG org.springframework.test.context.support.AbstractContextLoader - Did not detect default resource location for test class [com3.demo.DemoApplicationTests]: class path resource [com3/demo/DemoApplicationTests-context.xml] does not exist
19:45:15.480 [Test worker] DEBUG org.springframework.test.context.support.AbstractContextLoader - Did not detect default resource location for test class [com3.demo.DemoApplicationTests]: class path resource [com3/demo/DemoApplicationTestsContext.groovy] does not exist
19:45:15.480 [Test worker] INFO org.springframework.test.context.support.AbstractContextLoader - Could not detect default resource locations for test class [com3.demo.DemoApplicationTests]: no resource found for suffixes {-context.xml, Context.groovy}.
19:45:15.481 [Test worker] INFO org.springframework.test.context.support.AnnotationConfigContextLoaderUtils - Could not detect default configuration classes for test class [com3.demo.DemoApplicationTests]: DemoApplicationTests does not declare any static, non-private, non-final, nested classes annotated with @Configuration.
19:45:15.511 [Test worker] DEBUG org.springframework.test.context.support.ActiveProfilesUtils - Could not find an 'annotation declaring class' for annotation type [org.springframework.test.context.ActiveProfiles] and class [com3.demo.DemoApplicationTests]
19:45:15.554 [Test worker] DEBUG org.springframework.context.annotation.ClassPathScanningCandidateComponentProvider - Identified candidate component class: file [/Users/yooinkeun/Desktop/yik/s3-study/project/build/classes/java/main/com3/demo/DemoApplication.class]
19:45:15.555 [Test worker] INFO org.springframework.boot.test.context.SpringBootTestContextBootstrapper - Found @SpringBootConfiguration com3.demo.DemoApplication for test class com3.demo.DemoApplicationTests
19:45:15.644 [Test worker] DEBUG org.springframework.boot.test.context.SpringBootTestContextBootstrapper - @TestExecutionListeners is not present for class [com3.demo.DemoApplicationTests]: using defaults.
19:45:15.644 [Test worker] INFO org.springframework.boot.test.context.SpringBootTestContextBootstrapper - Loaded default TestExecutionListener class names from location [META-INF/spring.factories]: [org.springframework.boot.test.autoconfigure.restdocs.RestDocsTestExecutionListener, org.springframework.boot.test.autoconfigure.web.client.MockRestServiceServerResetTestExecutionListener, org.springframework.boot.test.autoconfigure.web.servlet.MockMvcPrintOnlyOnFailureTestExecutionListener, org.springframework.boot.test.autoconfigure.web.servlet.WebDriverTestExecutionListener, org.springframework.boot.test.autoconfigure.webservices.client.MockWebServiceServerTestExecutionListener, org.springframework.boot.test.mock.mockito.MockitoTestExecutionListener, org.springframework.boot.test.mock.mockito.ResetMocksTestExecutionListener, org.springframework.test.context.web.ServletTestExecutionListener, org.springframework.test.context.support.DirtiesContextBeforeModesTestExecutionListener, org.springframework.test.context.support.DependencyInjectionTestExecutionListener, org.springframework.test.context.support.DirtiesContextTestExecutionListener, org.springframework.test.context.transaction.TransactionalTestExecutionListener, org.springframework.test.context.jdbc.SqlScriptsTestExecutionListener, org.springframework.test.context.event.EventPublishingTestExecutionListener]
19:45:15.652 [Test worker] DEBUG org.springframework.boot.test.context.SpringBootTestContextBootstrapper - Skipping candidate TestExecutionListener [org.springframework.test.context.transaction.TransactionalTestExecutionListener] due to a missing dependency. Specify custom listener classes or make the default listener classes and their required dependencies available. Offending class: [org/springframework/transaction/interceptor/TransactionAttributeSource]
19:45:15.652 [Test worker] DEBUG org.springframework.boot.test.context.SpringBootTestContextBootstrapper - Skipping candidate TestExecutionListener [org.springframework.test.context.jdbc.SqlScriptsTestExecutionListener] due to a missing dependency. Specify custom listener classes or make the default listener classes and their required dependencies available. Offending class: [org/springframework/transaction/interceptor/TransactionAttribute]
19:45:15.652 [Test worker] INFO org.springframework.boot.test.context.SpringBootTestContextBootstrapper - Using TestExecutionListeners: [org.springframework.test.context.web.ServletTestExecutionListener@73040419, org.springframework.test.context.support.DirtiesContextBeforeModesTestExecutionListener@134cff09, org.springframework.boot.test.mock.mockito.MockitoTestExecutionListener@77fab6cc, org.springframework.boot.test.autoconfigure.SpringBootDependencyInjectionTestExecutionListener@26078767, org.springframework.test.context.support.DirtiesContextTestExecutionListener@75f06b72, org.springframework.test.context.event.EventPublishingTestExecutionListener@1307672, org.springframework.boot.test.autoconfigure.restdocs.RestDocsTestExecutionListener@23defc4e, org.springframework.boot.test.autoconfigure.web.client.MockRestServiceServerResetTestExecutionListener@39f87bed, org.springframework.boot.test.autoconfigure.web.servlet.MockMvcPrintOnlyOnFailureTestExecutionListener@4f252c5b, org.springframework.boot.test.autoconfigure.web.servlet.WebDriverTestExecutionListener@4da4402b, org.springframework.boot.test.autoconfigure.webservices.client.MockWebServiceServerTestExecutionListener@194cf95d, org.springframework.boot.test.mock.mockito.ResetMocksTestExecutionListener@6391de8a]
19:45:15.655 [Test worker] DEBUG org.springframework.test.context.support.AbstractDirtiesContextTestExecutionListener - Before test class: context [DefaultTestContext@15a99809 testClass = DemoApplicationTests, testInstance = [null], testMethod = [null], testException = [null], mergedContextConfiguration = [WebMergedContextConfiguration@17e9f676 testClass = DemoApplicationTests, locations = '{}', classes = '{class com3.demo.DemoApplication}', contextInitializerClasses = '[]', activeProfiles = '{}', propertySourceLocations = '{}', propertySourceProperties = '{org.springframework.boot.test.context.SpringBootTestContextBootstrapper=true}', contextCustomizers = set[org.springframework.boot.test.autoconfigure.properties.PropertyMappingContextCustomizer@0, org.springframework.boot.test.autoconfigure.web.servlet.WebDriverContextCustomizerFactory$Customizer@53b2ecda, org.springframework.boot.test.context.filter.ExcludeFilterContextCustomizer@4d8e65bb, org.springframework.boot.test.json.DuplicateJsonObjectContextCustomizerFactory$DuplicateJsonObjectContextCustomizer@24cffe43, org.springframework.boot.test.mock.mockito.MockitoContextCustomizer@0, org.springframework.boot.test.web.client.TestRestTemplateContextCustomizer@4f5f255b, org.springframework.boot.test.context.SpringBootTestArgs@1], resourceBasePath = 'src/main/webapp', contextLoader = 'org.springframework.boot.test.context.SpringBootContextLoader', parent = [null]], attributes = map['org.springframework.test.context.web.ServletTestExecutionListener.activateListener' -> true]], class annotated with @DirtiesContext [false] with mode [null].
19:45:15.678 [Test worker] DEBUG org.springframework.test.context.support.TestPropertySourceUtils - Adding inlined properties to environment: {spring.jmx.enabled=false, org.springframework.boot.test.context.SpringBootTestContextBootstrapper=true}

  .   ____          _            __ _ _
 /\\ / ___'_ __ _ _(_)_ __  __ _ \ \ \ \
( ( )\___ | '_ | '_| | '_ \/ _` | \ \ \ \
 \\/  ___)| |_)| | | | | || (_| |  ) ) ) )
  '  |____| .__|_| |_|_| |_\__, | / / / /
 =========|_|==============|___/=/_/_/_/
 :: Spring Boot ::        (v2.3.3.RELEASE)

2020-09-17 19:45:16.125  INFO 65440 --- [    Test worker] com3.demo.DemoApplicationTests           : Starting DemoApplicationTests on yuingeun-ui-MacBookPro.local with PID 65440 (started by yooinkeun in /Users/yooinkeun/Desktop/yik/s3-study/project)
2020-09-17 19:45:16.126  INFO 65440 --- [    Test worker] com3.demo.DemoApplicationTests           : No active profile set, falling back to default profiles: default
2020-09-17 19:45:17.373  INFO 65440 --- [    Test worker] o.s.s.concurrent.ThreadPoolTaskExecutor  : Initializing ExecutorService 'applicationTaskExecutor'
2020-09-17 19:45:17.575  INFO 65440 --- [    Test worker] com3.demo.DemoApplicationTests           : Started DemoApplicationTests in 1.889 seconds (JVM running for 2.851)
]]></system-out>
    <system-err><![CDATA[]]></system-err>
</testsuite>
