<?xml version="1.0" encoding="UTF-8"?>
<testsuite name="com.yooinkeun.webservice.springboot.web.dto.HelloResponseDtoTest" tests="1" skipped="0" failures="0" errors="0" timestamp="2020-06-26T11:46:49" hostname="yik-ThinkPad-X1-Yoga-3rd" time="0.057">
  <properties/>
  <testcase name="롬복_기능_테스트" classname="com.yooinkeun.webservice.springboot.web.dto.HelloResponseDtoTest" time="0.057"/>
  <system-out><![CDATA[]]></system-out>
  <system-err><![CDATA[]]></system-err>
</testsuite>
